2016-12-02 05:46:59.425+0000 INFO  [o.n.k.i.f.CommunityFacadeFactory] No locking implementation specified, defaulting to 'community'
2016-12-02 05:46:59.426+0000 INFO  [o.n.k.AvailabilityGuard] Requirement makes database unavailable: Database available
2016-12-02 05:46:59.426+0000 INFO  [o.n.k.i.DiagnosticsManager] --- INITIALIZED diagnostics START ---
2016-12-02 05:46:59.426+0000 INFO  [o.n.k.i.DiagnosticsManager] Neo4j Kernel properties:
2016-12-02 05:46:59.426+0000 INFO  [o.n.k.i.DiagnosticsManager] dbms.connector.http.enabled=true
2016-12-02 05:46:59.426+0000 INFO  [o.n.k.i.DiagnosticsManager] dbms.security.auth_enabled=true
2016-12-02 05:46:59.426+0000 INFO  [o.n.k.i.DiagnosticsManager] dbms.connector.bolt.type=BOLT
2016-12-02 05:46:59.426+0000 INFO  [o.n.k.i.DiagnosticsManager] unsupported.dbms.directories.neo4j_home=D:\NFS PROJECT\SampleProject\sampleDB
2016-12-02 05:46:59.426+0000 INFO  [o.n.k.i.DiagnosticsManager] dbms.directories.import=import
2016-12-02 05:46:59.426+0000 INFO  [o.n.k.i.DiagnosticsManager] dbms.connector.bolt.tls_level=OPTIONAL
2016-12-02 05:46:59.426+0000 INFO  [o.n.k.i.DiagnosticsManager] dbms.shell.enabled=true
2016-12-02 05:46:59.426+0000 INFO  [o.n.k.i.DiagnosticsManager] dbms.connector.http.type=HTTP
2016-12-02 05:46:59.426+0000 INFO  [o.n.k.i.DiagnosticsManager] unsupported.dbms.directories.database=D:\NFS PROJECT\SampleProject\sampleDB
2016-12-02 05:46:59.426+0000 INFO  [o.n.k.i.DiagnosticsManager] dbms.logs.http.enabled=false
2016-12-02 05:46:59.426+0000 INFO  [o.n.k.i.DiagnosticsManager] unsupported.dbms.security.auth_store.location=data\dbms\auth
2016-12-02 05:46:59.426+0000 INFO  [o.n.k.i.DiagnosticsManager] unsupported.dbms.edition=community
2016-12-02 05:46:59.426+0000 INFO  [o.n.k.i.DiagnosticsManager] dbms.connector.bolt.enabled=true
2016-12-02 05:46:59.426+0000 INFO  [o.n.k.i.DiagnosticsManager] Diagnostics providers:
2016-12-02 05:46:59.426+0000 INFO  [o.n.k.i.DiagnosticsManager] org.neo4j.kernel.configuration.Config
2016-12-02 05:46:59.426+0000 INFO  [o.n.k.i.DiagnosticsManager] org.neo4j.kernel.info.DiagnosticsManager
2016-12-02 05:46:59.426+0000 INFO  [o.n.k.i.DiagnosticsManager] SYSTEM_MEMORY
2016-12-02 05:46:59.426+0000 INFO  [o.n.k.i.DiagnosticsManager] JAVA_MEMORY
2016-12-02 05:46:59.426+0000 INFO  [o.n.k.i.DiagnosticsManager] OPERATING_SYSTEM
2016-12-02 05:46:59.426+0000 INFO  [o.n.k.i.DiagnosticsManager] JAVA_VIRTUAL_MACHINE
2016-12-02 05:46:59.426+0000 INFO  [o.n.k.i.DiagnosticsManager] CLASSPATH
2016-12-02 05:46:59.426+0000 INFO  [o.n.k.i.DiagnosticsManager] LIBRARY_PATH
2016-12-02 05:46:59.426+0000 INFO  [o.n.k.i.DiagnosticsManager] SYSTEM_PROPERTIES
2016-12-02 05:46:59.426+0000 INFO  [o.n.k.i.DiagnosticsManager] NETWORK
2016-12-02 05:46:59.426+0000 INFO  [o.n.k.i.DiagnosticsManager] System memory information:
2016-12-02 05:46:59.426+0000 INFO  [o.n.k.i.DiagnosticsManager] Total Physical memory: 7.87 GB
2016-12-02 05:46:59.426+0000 INFO  [o.n.k.i.DiagnosticsManager] Free Physical memory: 1001.21 MB
2016-12-02 05:46:59.426+0000 INFO  [o.n.k.i.DiagnosticsManager] Committed virtual memory: 881.46 MB
2016-12-02 05:46:59.426+0000 INFO  [o.n.k.i.DiagnosticsManager] Total swap space: 15.75 GB
2016-12-02 05:46:59.426+0000 INFO  [o.n.k.i.DiagnosticsManager] Free swap space: 5.19 GB
2016-12-02 05:46:59.426+0000 INFO  [o.n.k.i.DiagnosticsManager] JVM memory information:
2016-12-02 05:46:59.426+0000 INFO  [o.n.k.i.DiagnosticsManager] Free  memory: 100.48 MB
2016-12-02 05:46:59.426+0000 INFO  [o.n.k.i.DiagnosticsManager] Total memory: 289.00 MB
2016-12-02 05:46:59.426+0000 INFO  [o.n.k.i.DiagnosticsManager] Max   memory: 1.75 GB
2016-12-02 05:46:59.426+0000 INFO  [o.n.k.i.DiagnosticsManager] Garbage Collector: PS Scavenge: [PS Eden Space, PS Survivor Space]
2016-12-02 05:46:59.426+0000 INFO  [o.n.k.i.DiagnosticsManager] Garbage Collector: PS MarkSweep: [PS Eden Space, PS Survivor Space, PS Old Gen]
2016-12-02 05:46:59.426+0000 INFO  [o.n.k.i.DiagnosticsManager] Memory Pool: Code Cache (Non-heap memory): committed=50.44 MB, used=50.04 MB, max=240.00 MB, threshold=0.00 B
2016-12-02 05:46:59.426+0000 INFO  [o.n.k.i.DiagnosticsManager] Memory Pool: Metaspace (Non-heap memory): committed=77.63 MB, used=76.12 MB, max=-1.00 B, threshold=0.00 B
2016-12-02 05:46:59.426+0000 INFO  [o.n.k.i.DiagnosticsManager] Memory Pool: Compressed Class Space (Non-heap memory): committed=10.88 MB, used=10.58 MB, max=1.00 GB, threshold=0.00 B
2016-12-02 05:46:59.426+0000 INFO  [o.n.k.i.DiagnosticsManager] Memory Pool: PS Eden Space (Heap memory): committed=194.00 MB, used=110.98 MB, max=657.50 MB, threshold=?
2016-12-02 05:46:59.426+0000 INFO  [o.n.k.i.DiagnosticsManager] Memory Pool: PS Survivor Space (Heap memory): committed=3.50 MB, used=3.36 MB, max=3.50 MB, threshold=?
2016-12-02 05:46:59.426+0000 INFO  [o.n.k.i.DiagnosticsManager] Memory Pool: PS Old Gen (Heap memory): committed=91.50 MB, used=74.19 MB, max=1.31 GB, threshold=0.00 B
2016-12-02 05:46:59.426+0000 INFO  [o.n.k.i.DiagnosticsManager] Operating system information:
2016-12-02 05:46:59.426+0000 INFO  [o.n.k.i.DiagnosticsManager] Operating System: Windows 7; version: 6.1; arch: amd64; cpus: 8
2016-12-02 05:46:59.426+0000 INFO  [o.n.k.i.DiagnosticsManager] Process id: 7912@user-PC
2016-12-02 05:46:59.426+0000 INFO  [o.n.k.i.DiagnosticsManager] Byte order: LITTLE_ENDIAN
2016-12-02 05:46:59.426+0000 INFO  [o.n.k.i.DiagnosticsManager] Local timezone: Asia/Bangkok
2016-12-02 05:46:59.426+0000 INFO  [o.n.k.i.DiagnosticsManager] JVM information:
2016-12-02 05:46:59.426+0000 INFO  [o.n.k.i.DiagnosticsManager] VM Name: Java HotSpot(TM) 64-Bit Server VM
2016-12-02 05:46:59.426+0000 INFO  [o.n.k.i.DiagnosticsManager] VM Vendor: Oracle Corporation
2016-12-02 05:46:59.426+0000 INFO  [o.n.k.i.DiagnosticsManager] VM Version: 25.65-b01
2016-12-02 05:46:59.426+0000 INFO  [o.n.k.i.DiagnosticsManager] JIT compiler: HotSpot 64-Bit Tiered Compilers
2016-12-02 05:46:59.426+0000 INFO  [o.n.k.i.DiagnosticsManager] VM Arguments: [-Dexe4j.semaphoreName=Local\c:_program_files_neo4j_ce_3.0.6_bin_neo4j-ce.exe, -Dexe4j.isInstall4j=true, -Dexe4j.moduleName=C:\Program Files\Neo4j CE 3.0.6\bin\neo4j-ce.exe, -Dexe4j.tempDir=, -Dexe4j.unextractedPosition=0, -Djava.library.path=C:\ProgramData\Oracle\Java\javapath;C:\Program Files (x86)\Intel\iCLS Client\;C:\Program Files\Intel\iCLS Client\;C:\Windows\system32;C:\Windows;C:\Windows\System32\Wbem;C:\Windows\System32\WindowsPowerShell\v1.0\;C:\Program Files\Intel\Intel(R) Management Engine Components\DAL;C:\Program Files (x86)\Intel\Intel(R) Management Engine Components\DAL;C:\Program Files\Intel\Intel(R) Management Engine Components\IPT;C:\Program Files (x86)\Intel\Intel(R) Management Engine Components\IPT;C:\Program Files (x86)\Common Files\Acronis\SnapAPI\;C:\Program Files (x86)\OpenVPN\bin;C:\Program Files\TortoiseGit\bin;C:\Program Files (x86)\Skype\Phone\;C:\Program Files (x86)\Microsoft SQL Server\100\Tools\Binn\VSShell\Common7\IDE\;C:\Program Files (x86)\Microsoft SQL Server\100\Tools\Binn\;C:\Program Files\Microsoft SQL Server\100\Tools\Binn\;C:\Program Files (x86)\Microsoft SQL Server\100\DTS\Binn\;C:\Program Files\Microsoft SQL Server\100\DTS\Binn\;D:\CPLEX\CPLEX\cplex\bin\x64_win64;C:\apache-maven-3.3.9\bin;C:\Program Files\nodejs\;C:\Program Files (x86)\Google\Chrome\Application;C:\Program Files (x86)\Intel\iCLS Client\;C:\Program Files\Intel\iCLS Client\;C:\Windows\system32;C:\Windows;C:\Windows\System32\Wbem;C:\Windows\System32\WindowsPowerShell\v1.0\;C:\Program Files\Intel\Intel(R) Management Engine Components\DAL;C:\Program Files (x86)\Intel\Intel(R) Management Engine Components\DAL;C:\Program Files\Intel\Intel(R) Management Engine Components\IPT;C:\Program Files (x86)\Intel\Intel(R) Management Engine Components\IPT;C:\Program Files (x86)\Common Files\Acronis\SnapAPI\;C:\Program Files (x86)\Skype\Phone\;C:\Program Files (x86)\OpenVPN\bin;C:\Python27;D:\CPLEX\CPLEX\cplex\bin\x64_win64;C:\apache-maven-3.3.9\bin;C:\Users\user\AppData\Roaming\npm;c:\program files\java\jre1.8.0_65\bin, -Dexe4j.consoleCodepage=cp0, -Dinstall4j.launcherId=24, -Dinstall4j.swt=false]
2016-12-02 05:46:59.426+0000 INFO  [o.n.k.i.DiagnosticsManager] Java classpath:
2016-12-02 05:46:59.426+0000 INFO  [o.n.k.i.DiagnosticsManager]  [loader.1] file:/C:/Program%20Files/Java/jre1.8.0_65/lib/ext/cldrdata.jar
2016-12-02 05:46:59.426+0000 INFO  [o.n.k.i.DiagnosticsManager]  [loader.1] file:/C:/Program%20Files/Java/jre1.8.0_65/lib/ext/localedata.jar
2016-12-02 05:46:59.426+0000 INFO  [o.n.k.i.DiagnosticsManager]  [bootstrap] C:\Program Files\Java\jre1.8.0_65\lib\rt.jar
2016-12-02 05:46:59.426+0000 INFO  [o.n.k.i.DiagnosticsManager]  [bootstrap] C:\Program Files\Java\jre1.8.0_65\lib\charsets.jar
2016-12-02 05:46:59.426+0000 INFO  [o.n.k.i.DiagnosticsManager]  [loader.1] file:/C:/Program%20Files/Java/jre1.8.0_65/lib/ext/sunec.jar
2016-12-02 05:46:59.426+0000 INFO  [o.n.k.i.DiagnosticsManager]  [loader.0] file:/C:/Program%20Files/Neo4j%20CE%203.0.6/.install4j/i4jruntime.jar
2016-12-02 05:46:59.426+0000 INFO  [o.n.k.i.DiagnosticsManager]  [bootstrap] C:\Program Files\Java\jre1.8.0_65\lib\resources.jar
2016-12-02 05:46:59.426+0000 INFO  [o.n.k.i.DiagnosticsManager]  [loader.1] file:/C:/Program%20Files/Java/jre1.8.0_65/lib/ext/access-bridge-64.jar
2016-12-02 05:46:59.426+0000 INFO  [o.n.k.i.DiagnosticsManager]  [loader.0] file:/C:/Program%20Files/Neo4j%20CE%203.0.6/bin/
2016-12-02 05:46:59.426+0000 INFO  [o.n.k.i.DiagnosticsManager]  [bootstrap] C:\Program Files\Java\jre1.8.0_65\lib\jce.jar
2016-12-02 05:46:59.426+0000 INFO  [o.n.k.i.DiagnosticsManager]  [bootstrap] C:\Program Files\Java\jre1.8.0_65\lib\jfr.jar
2016-12-02 05:46:59.426+0000 INFO  [o.n.k.i.DiagnosticsManager]  [bootstrap] C:\Program Files\Java\jre1.8.0_65\classes
2016-12-02 05:46:59.426+0000 INFO  [o.n.k.i.DiagnosticsManager]  [loader.1] file:/C:/Program%20Files/Java/jre1.8.0_65/lib/ext/zipfs.jar
2016-12-02 05:46:59.426+0000 INFO  [o.n.k.i.DiagnosticsManager]  [loader.1] file:/C:/Program%20Files/Java/jre1.8.0_65/lib/ext/jfxrt.jar
2016-12-02 05:46:59.426+0000 INFO  [o.n.k.i.DiagnosticsManager]  [loader.1] file:/C:/Program%20Files/Java/jre1.8.0_65/lib/ext/sunjce_provider.jar
2016-12-02 05:46:59.426+0000 INFO  [o.n.k.i.DiagnosticsManager]  [loader.1] file:/C:/Program%20Files/Java/jre1.8.0_65/lib/ext/sunpkcs11.jar
2016-12-02 05:46:59.426+0000 INFO  [o.n.k.i.DiagnosticsManager]  [bootstrap] C:\Program Files\Java\jre1.8.0_65\lib\jsse.jar
2016-12-02 05:46:59.426+0000 INFO  [o.n.k.i.DiagnosticsManager]  [loader.0] file:/C:/Program%20Files/Neo4j%20CE%203.0.6/bin/neo4j-desktop-3.0.6.jar
2016-12-02 05:46:59.426+0000 INFO  [o.n.k.i.DiagnosticsManager]  [loader.1] file:/C:/Program%20Files/Java/jre1.8.0_65/lib/ext/sunmscapi.jar
2016-12-02 05:46:59.426+0000 INFO  [o.n.k.i.DiagnosticsManager]  [classpath] C:\Program Files\Neo4j CE 3.0.6\bin\neo4j-desktop-3.0.6.jar
2016-12-02 05:46:59.426+0000 INFO  [o.n.k.i.DiagnosticsManager]  [bootstrap] C:\Program Files\Java\jre1.8.0_65\lib\sunrsasign.jar
2016-12-02 05:46:59.426+0000 INFO  [o.n.k.i.DiagnosticsManager]  [loader.1] file:/C:/Program%20Files/Java/jre1.8.0_65/lib/ext/dns_sd.jar
2016-12-02 05:46:59.426+0000 INFO  [o.n.k.i.DiagnosticsManager]  [loader.1] file:/C:/Program%20Files/Java/jre1.8.0_65/lib/ext/nashorn.jar
2016-12-02 05:46:59.426+0000 INFO  [o.n.k.i.DiagnosticsManager]  [classpath] C:\Program Files\Neo4j CE 3.0.6\.install4j\i4jruntime.jar
2016-12-02 05:46:59.426+0000 INFO  [o.n.k.i.DiagnosticsManager]  [loader.1] file:/C:/Program%20Files/Java/jre1.8.0_65/lib/ext/jaccess.jar
2016-12-02 05:46:59.426+0000 INFO  [o.n.k.i.DiagnosticsManager]  [loader.1] file:/C:/Program%20Files/Java/jre1.8.0_65/lib/ext/dnsns.jar
2016-12-02 05:46:59.426+0000 INFO  [o.n.k.i.DiagnosticsManager] Library path:
2016-12-02 05:46:59.426+0000 INFO  [o.n.k.i.DiagnosticsManager] C:\ProgramData\Oracle\Java\javapath
2016-12-02 05:46:59.426+0000 INFO  [o.n.k.i.DiagnosticsManager] C:\Program Files (x86)\Intel\iCLS Client
2016-12-02 05:46:59.426+0000 INFO  [o.n.k.i.DiagnosticsManager] C:\Program Files\Intel\iCLS Client
2016-12-02 05:46:59.426+0000 INFO  [o.n.k.i.DiagnosticsManager] C:\Windows\System32
2016-12-02 05:46:59.426+0000 INFO  [o.n.k.i.DiagnosticsManager] C:\Windows
2016-12-02 05:46:59.426+0000 INFO  [o.n.k.i.DiagnosticsManager] C:\Windows\System32\wbem
2016-12-02 05:46:59.426+0000 INFO  [o.n.k.i.DiagnosticsManager] C:\Windows\System32\WindowsPowerShell\v1.0
2016-12-02 05:46:59.426+0000 INFO  [o.n.k.i.DiagnosticsManager] C:\Program Files\Intel\Intel(R) Management Engine Components\DAL
2016-12-02 05:46:59.426+0000 INFO  [o.n.k.i.DiagnosticsManager] C:\Program Files (x86)\Intel\Intel(R) Management Engine Components\DAL
2016-12-02 05:46:59.426+0000 INFO  [o.n.k.i.DiagnosticsManager] C:\Program Files\Intel\Intel(R) Management Engine Components\IPT
2016-12-02 05:46:59.426+0000 INFO  [o.n.k.i.DiagnosticsManager] C:\Program Files (x86)\Intel\Intel(R) Management Engine Components\IPT
2016-12-02 05:46:59.426+0000 INFO  [o.n.k.i.DiagnosticsManager] C:\Program Files (x86)\Common Files\Acronis\SnapAPI
2016-12-02 05:46:59.426+0000 INFO  [o.n.k.i.DiagnosticsManager] C:\Program Files (x86)\OpenVPN\bin
2016-12-02 05:46:59.426+0000 INFO  [o.n.k.i.DiagnosticsManager] C:\Program Files\TortoiseGit\bin
2016-12-02 05:46:59.426+0000 INFO  [o.n.k.i.DiagnosticsManager] C:\Program Files (x86)\Skype\Phone
2016-12-02 05:46:59.426+0000 INFO  [o.n.k.i.DiagnosticsManager] C:\Program Files (x86)\Microsoft SQL Server\100\Tools\Binn\VSShell\Common7\IDE
2016-12-02 05:46:59.426+0000 INFO  [o.n.k.i.DiagnosticsManager] C:\Program Files (x86)\Microsoft SQL Server\100\Tools\Binn
2016-12-02 05:46:59.426+0000 INFO  [o.n.k.i.DiagnosticsManager] C:\Program Files\Microsoft SQL Server\100\Tools\Binn
2016-12-02 05:46:59.426+0000 INFO  [o.n.k.i.DiagnosticsManager] C:\Program Files (x86)\Microsoft SQL Server\100\DTS\Binn
2016-12-02 05:46:59.426+0000 INFO  [o.n.k.i.DiagnosticsManager] C:\Program Files\Microsoft SQL Server\100\DTS\Binn
2016-12-02 05:46:59.426+0000 INFO  [o.n.k.i.DiagnosticsManager] D:\CPLEX\CPLEX\cplex\bin\x64_win64
2016-12-02 05:46:59.426+0000 INFO  [o.n.k.i.DiagnosticsManager] C:\apache-maven-3.3.9\bin
2016-12-02 05:46:59.426+0000 INFO  [o.n.k.i.DiagnosticsManager] C:\Program Files\nodejs
2016-12-02 05:46:59.426+0000 INFO  [o.n.k.i.DiagnosticsManager] C:\Program Files (x86)\Google\Chrome\Application
2016-12-02 05:46:59.426+0000 INFO  [o.n.k.i.DiagnosticsManager] C:\Program Files (x86)\Intel\iCLS Client
2016-12-02 05:46:59.426+0000 INFO  [o.n.k.i.DiagnosticsManager] C:\Program Files\Intel\iCLS Client
2016-12-02 05:46:59.426+0000 INFO  [o.n.k.i.DiagnosticsManager] C:\Windows\System32
2016-12-02 05:46:59.426+0000 INFO  [o.n.k.i.DiagnosticsManager] C:\Windows
2016-12-02 05:46:59.426+0000 INFO  [o.n.k.i.DiagnosticsManager] C:\Windows\System32\wbem
2016-12-02 05:46:59.426+0000 INFO  [o.n.k.i.DiagnosticsManager] C:\Windows\System32\WindowsPowerShell\v1.0
2016-12-02 05:46:59.426+0000 INFO  [o.n.k.i.DiagnosticsManager] C:\Program Files\Intel\Intel(R) Management Engine Components\DAL
2016-12-02 05:46:59.426+0000 INFO  [o.n.k.i.DiagnosticsManager] C:\Program Files (x86)\Intel\Intel(R) Management Engine Components\DAL
2016-12-02 05:46:59.426+0000 INFO  [o.n.k.i.DiagnosticsManager] C:\Program Files\Intel\Intel(R) Management Engine Components\IPT
2016-12-02 05:46:59.426+0000 INFO  [o.n.k.i.DiagnosticsManager] C:\Program Files (x86)\Intel\Intel(R) Management Engine Components\IPT
2016-12-02 05:46:59.426+0000 INFO  [o.n.k.i.DiagnosticsManager] C:\Program Files (x86)\Common Files\Acronis\SnapAPI
2016-12-02 05:46:59.426+0000 INFO  [o.n.k.i.DiagnosticsManager] C:\Program Files (x86)\Skype\Phone
2016-12-02 05:46:59.426+0000 INFO  [o.n.k.i.DiagnosticsManager] C:\Program Files (x86)\OpenVPN\bin
2016-12-02 05:46:59.426+0000 INFO  [o.n.k.i.DiagnosticsManager] C:\Python27
2016-12-02 05:46:59.426+0000 INFO  [o.n.k.i.DiagnosticsManager] D:\CPLEX\CPLEX\cplex\bin\x64_win64
2016-12-02 05:46:59.426+0000 INFO  [o.n.k.i.DiagnosticsManager] C:\apache-maven-3.3.9\bin
2016-12-02 05:46:59.426+0000 INFO  [o.n.k.i.DiagnosticsManager] C:\Users\user\AppData\Roaming\npm
2016-12-02 05:46:59.426+0000 INFO  [o.n.k.i.DiagnosticsManager] C:\Program Files\Java\jre1.8.0_65\bin
2016-12-02 05:46:59.426+0000 INFO  [o.n.k.i.DiagnosticsManager] System.properties:
2016-12-02 05:46:59.426+0000 INFO  [o.n.k.i.DiagnosticsManager] exe4j.moduleName = C:\Program Files\Neo4j CE 3.0.6\bin\neo4j-ce.exe
2016-12-02 05:46:59.426+0000 INFO  [o.n.k.i.DiagnosticsManager] exe4j.semaphoreName = Local\c:_program_files_neo4j_ce_3.0.6_bin_neo4j-ce.exe
2016-12-02 05:46:59.426+0000 INFO  [o.n.k.i.DiagnosticsManager] sun.boot.library.path = c:\program files\java\jre1.8.0_65\bin
2016-12-02 05:46:59.426+0000 INFO  [o.n.k.i.DiagnosticsManager] exe4j.consoleCodepage = cp0
2016-12-02 05:46:59.426+0000 INFO  [o.n.k.i.DiagnosticsManager] path.separator = ;
2016-12-02 05:46:59.426+0000 INFO  [o.n.k.i.DiagnosticsManager] file.encoding.pkg = sun.io
2016-12-02 05:46:59.426+0000 INFO  [o.n.k.i.DiagnosticsManager] user.country = US
2016-12-02 05:46:59.426+0000 INFO  [o.n.k.i.DiagnosticsManager] user.script = 
2016-12-02 05:46:59.426+0000 INFO  [o.n.k.i.DiagnosticsManager] sun.os.patch.level = Service Pack 1
2016-12-02 05:46:59.426+0000 INFO  [o.n.k.i.DiagnosticsManager] install4j.exeDir = C:\Program Files\Neo4j CE 3.0.6\bin\
2016-12-02 05:46:59.426+0000 INFO  [o.n.k.i.DiagnosticsManager] user.dir = C:\Program Files\Neo4j CE 3.0.6\bin
2016-12-02 05:46:59.426+0000 INFO  [o.n.k.i.DiagnosticsManager] user.variant = 
2016-12-02 05:46:59.426+0000 INFO  [o.n.k.i.DiagnosticsManager] exe4j.tempDir = 
2016-12-02 05:46:59.426+0000 INFO  [o.n.k.i.DiagnosticsManager] sun.jnu.encoding = Cp1252
2016-12-02 05:46:59.426+0000 INFO  [o.n.k.i.DiagnosticsManager] sun.nio.ch.bugLevel = 
2016-12-02 05:46:59.426+0000 INFO  [o.n.k.i.DiagnosticsManager] unsupported.dbms.udc.source = desktop
2016-12-02 05:46:59.426+0000 INFO  [o.n.k.i.DiagnosticsManager] sun.awt.enableExtraMouseButtons = true
2016-12-02 05:46:59.426+0000 INFO  [o.n.k.i.DiagnosticsManager] install4j.launcherId = 24
2016-12-02 05:46:59.426+0000 INFO  [o.n.k.i.DiagnosticsManager] sun.management.compiler = HotSpot 64-Bit Tiered Compilers
2016-12-02 05:46:59.426+0000 INFO  [o.n.k.i.DiagnosticsManager] exe4j.isInstall4j = true
2016-12-02 05:46:59.426+0000 INFO  [o.n.k.i.DiagnosticsManager] install4j.swt = false
2016-12-02 05:46:59.426+0000 INFO  [o.n.k.i.DiagnosticsManager] user.home = C:\Users\user
2016-12-02 05:46:59.426+0000 INFO  [o.n.k.i.DiagnosticsManager] user.timezone = Asia/Bangkok
2016-12-02 05:46:59.426+0000 INFO  [o.n.k.i.DiagnosticsManager] file.encoding = Cp1252
2016-12-02 05:46:59.426+0000 INFO  [o.n.k.i.DiagnosticsManager] user.name = user
2016-12-02 05:46:59.426+0000 INFO  [o.n.k.i.DiagnosticsManager] sun.java.command = C:\Program Files\Neo4j CE 3.0.6\bin\neo4j-ce.exe
2016-12-02 05:46:59.426+0000 INFO  [o.n.k.i.DiagnosticsManager] sun.arch.data.model = 64
2016-12-02 05:46:59.426+0000 INFO  [o.n.k.i.DiagnosticsManager] exe4j.launchName = C:\Program Files\Neo4j CE 3.0.6\bin\neo4j-ce.exe
2016-12-02 05:46:59.426+0000 INFO  [o.n.k.i.DiagnosticsManager] user.language = en
2016-12-02 05:46:59.426+0000 INFO  [o.n.k.i.DiagnosticsManager] awt.toolkit = sun.awt.windows.WToolkit
2016-12-02 05:46:59.426+0000 INFO  [o.n.k.i.DiagnosticsManager] exe4j.unextractedPosition = 0
2016-12-02 05:46:59.426+0000 INFO  [o.n.k.i.DiagnosticsManager] install4j.appDir = C:\Program Files\Neo4j CE 3.0.6\
2016-12-02 05:46:59.426+0000 INFO  [o.n.k.i.DiagnosticsManager] file.separator = \
2016-12-02 05:46:59.426+0000 INFO  [o.n.k.i.DiagnosticsManager] sun.io.unicode.encoding = UnicodeLittle
2016-12-02 05:46:59.426+0000 INFO  [o.n.k.i.DiagnosticsManager] sun.cpu.endian = little
2016-12-02 05:46:59.426+0000 INFO  [o.n.k.i.DiagnosticsManager] sun.desktop = windows
2016-12-02 05:46:59.426+0000 INFO  [o.n.k.i.DiagnosticsManager] sun.cpu.isalist = amd64
2016-12-02 05:46:59.426+0000 INFO  [o.n.k.i.DiagnosticsManager] Network information:
2016-12-02 05:46:59.479+0000 INFO  [o.n.k.i.DiagnosticsManager] Interface Software Loopback Interface 1:
2016-12-02 05:46:59.479+0000 INFO  [o.n.k.i.DiagnosticsManager]     address: 127.0.0.1
2016-12-02 05:46:59.479+0000 INFO  [o.n.k.i.DiagnosticsManager]     address: 0:0:0:0:0:0:0:1
2016-12-02 05:46:59.479+0000 INFO  [o.n.k.i.DiagnosticsManager] Interface WAN Miniport (SSTP):
2016-12-02 05:46:59.479+0000 INFO  [o.n.k.i.DiagnosticsManager] Interface WAN Miniport (L2TP):
2016-12-02 05:46:59.479+0000 INFO  [o.n.k.i.DiagnosticsManager] Interface WAN Miniport (PPTP):
2016-12-02 05:46:59.479+0000 INFO  [o.n.k.i.DiagnosticsManager] Interface WAN Miniport (PPPOE):
2016-12-02 05:46:59.479+0000 INFO  [o.n.k.i.DiagnosticsManager] Interface WAN Miniport (IPv6):
2016-12-02 05:46:59.479+0000 INFO  [o.n.k.i.DiagnosticsManager] Interface WAN Miniport (Network Monitor):
2016-12-02 05:46:59.479+0000 INFO  [o.n.k.i.DiagnosticsManager] Interface WAN Miniport (IP):
2016-12-02 05:46:59.479+0000 INFO  [o.n.k.i.DiagnosticsManager] Interface RAS Async Adapter:
2016-12-02 05:46:59.479+0000 INFO  [o.n.k.i.DiagnosticsManager] Interface Realtek PCIe GBE Family Controller:
2016-12-02 05:46:59.479+0000 INFO  [o.n.k.i.DiagnosticsManager]     address: fe80:0:0:0:d8c7:f63d:fca3:359a%eth3
2016-12-02 05:46:59.480+0000 INFO  [o.n.k.i.DiagnosticsManager] Interface TP-LINK 150Mbps Wireless N PCI Express Adapter:
2016-12-02 05:46:59.480+0000 INFO  [o.n.k.i.DiagnosticsManager]     address: 192.168.0.10
2016-12-02 05:46:59.480+0000 INFO  [o.n.k.i.DiagnosticsManager]     address: fe80:0:0:0:15a6:a54f:3314:c6be%wlan0
2016-12-02 05:46:59.480+0000 INFO  [o.n.k.i.DiagnosticsManager] Interface WAN Miniport (IKEv2):
2016-12-02 05:46:59.480+0000 INFO  [o.n.k.i.DiagnosticsManager] Interface TAP-Windows Adapter V9:
2016-12-02 05:46:59.480+0000 INFO  [o.n.k.i.DiagnosticsManager]     address: 192.168.2.10
2016-12-02 05:46:59.480+0000 INFO  [o.n.k.i.DiagnosticsManager]     address: fe80:0:0:0:418b:fd30:42d5:cd02%eth4
2016-12-02 05:46:59.480+0000 INFO  [o.n.k.i.DiagnosticsManager] Interface VirtualBox Host-Only Ethernet Adapter:
2016-12-02 05:46:59.480+0000 INFO  [o.n.k.i.DiagnosticsManager]     address: 192.168.56.1
2016-12-02 05:46:59.480+0000 INFO  [o.n.k.i.DiagnosticsManager]     address: fe80:0:0:0:e97e:b43d:84b0:fa%eth5
2016-12-02 05:46:59.480+0000 INFO  [o.n.k.i.DiagnosticsManager] Interface Microsoft ISATAP Adapter #4:
2016-12-02 05:46:59.480+0000 INFO  [o.n.k.i.DiagnosticsManager]     address: fe80:0:0:0:0:5efe:c0a8:3801%net4
2016-12-02 05:46:59.480+0000 INFO  [o.n.k.i.DiagnosticsManager] Interface Teredo Tunneling Pseudo-Interface:
2016-12-02 05:46:59.480+0000 INFO  [o.n.k.i.DiagnosticsManager]     address: fe80:0:0:0:0:100:7f:fffe%net5
2016-12-02 05:46:59.480+0000 INFO  [o.n.k.i.DiagnosticsManager] Interface Microsoft ISATAP Adapter:
2016-12-02 05:46:59.480+0000 INFO  [o.n.k.i.DiagnosticsManager]     address: fe80:0:0:0:0:5efe:c0a8:a%net6
2016-12-02 05:46:59.480+0000 INFO  [o.n.k.i.DiagnosticsManager] Interface Microsoft ISATAP Adapter #2:
2016-12-02 05:46:59.480+0000 INFO  [o.n.k.i.DiagnosticsManager]     address: fe80:0:0:0:0:5efe:c0a8:20a%net7
2016-12-02 05:46:59.480+0000 INFO  [o.n.k.i.DiagnosticsManager] Interface TP-LINK 150Mbps Wireless N PCI Express Adapter-VirtualBox NDIS Light-Weight Filter-0000:
2016-12-02 05:46:59.480+0000 INFO  [o.n.k.i.DiagnosticsManager] Interface TP-LINK 150Mbps Wireless N PCI Express Adapter-QoS Packet Scheduler-0000:
2016-12-02 05:46:59.480+0000 INFO  [o.n.k.i.DiagnosticsManager] Interface TP-LINK 150Mbps Wireless N PCI Express Adapter-Virtual WiFi Filter Driver-0000:
2016-12-02 05:46:59.480+0000 INFO  [o.n.k.i.DiagnosticsManager] Interface Realtek PCIe GBE Family Controller-VirtualBox NDIS Light-Weight Filter-0000:
2016-12-02 05:46:59.480+0000 INFO  [o.n.k.i.DiagnosticsManager] Interface Realtek PCIe GBE Family Controller-QoS Packet Scheduler-0000:
2016-12-02 05:46:59.480+0000 INFO  [o.n.k.i.DiagnosticsManager] Interface Realtek PCIe GBE Family Controller-WFP LightWeight Filter-0000:
2016-12-02 05:46:59.480+0000 INFO  [o.n.k.i.DiagnosticsManager] Interface TAP-Windows Adapter V9-VirtualBox NDIS Light-Weight Filter-0000:
2016-12-02 05:46:59.480+0000 INFO  [o.n.k.i.DiagnosticsManager] Interface TAP-Windows Adapter V9-QoS Packet Scheduler-0000:
2016-12-02 05:46:59.480+0000 INFO  [o.n.k.i.DiagnosticsManager] Interface TAP-Windows Adapter V9-WFP LightWeight Filter-0000:
2016-12-02 05:46:59.480+0000 INFO  [o.n.k.i.DiagnosticsManager] Interface WAN Miniport (IPv6)-QoS Packet Scheduler-0000:
2016-12-02 05:46:59.480+0000 INFO  [o.n.k.i.DiagnosticsManager] Interface WAN Miniport (IP)-QoS Packet Scheduler-0000:
2016-12-02 05:46:59.480+0000 INFO  [o.n.k.i.DiagnosticsManager] Interface WAN Miniport (Network Monitor)-QoS Packet Scheduler-0000:
2016-12-02 05:46:59.480+0000 INFO  [o.n.k.i.DiagnosticsManager] Interface VirtualBox Host-Only Ethernet Adapter-VirtualBox NDIS Light-Weight Filter-0000:
2016-12-02 05:46:59.480+0000 INFO  [o.n.k.i.DiagnosticsManager] Interface VirtualBox Host-Only Ethernet Adapter-QoS Packet Scheduler-0000:
2016-12-02 05:46:59.480+0000 INFO  [o.n.k.i.DiagnosticsManager] Interface VirtualBox Host-Only Ethernet Adapter-WFP LightWeight Filter-0000:
2016-12-02 05:46:59.480+0000 INFO  [o.n.k.i.DiagnosticsManager] Interface TP-LINK 150Mbps Wireless N PCI Express Adapter-Native WiFi Filter Driver-0000:
2016-12-02 05:46:59.480+0000 INFO  [o.n.k.i.DiagnosticsManager] Interface TP-LINK 150Mbps Wireless N PCI Express Adapter-WFP LightWeight Filter-0000:
2016-12-02 05:46:59.480+0000 INFO  [o.n.k.i.DiagnosticsManager] --- INITIALIZED diagnostics END ---
2016-12-02 05:46:59.480+0000 INFO  [o.n.b.v.r.Sessions] No SSL certificate found, generating a self-signed certificate..
2016-12-02 05:46:59.852+0000 INFO  [o.n.b.v.r.Sessions] Bolt Server extension loaded.
2016-12-02 05:46:59.852+0000 INFO  [o.n.b.v.r.Sessions] Bolt enabled on localhost:7687.
2016-12-02 05:46:59.854+0000 INFO  [o.n.k.i.s.f.RecordFormatSelector] Selected format 'RecordFormat:StandardV3_0[v0.A.7]' for the new store
2016-12-02 05:47:02.096+0000 INFO  [o.n.k.a.i.l.LuceneLabelScanStore] No lucene scan store index found, this might just be first use. Preparing to rebuild.
2016-12-02 05:47:02.142+0000 INFO  [o.n.k.NeoStoreDataSource] Opened logical log [D:\NFS PROJECT\SampleProject\sampleDB\neostore.transaction.db.0] version=0, lastTxId=1 (clean)
2016-12-02 05:47:02.144+0000 WARN  [o.n.k.i.s.MetaDataStore] Missing counts store, rebuilding it.
2016-12-02 05:47:02.238+0000 INFO  [o.n.k.a.i.l.LuceneLabelScanStore] Rebuilding lucene scan store, this may take a while
2016-12-02 05:47:02.238+0000 INFO  [o.n.k.a.i.l.LuceneLabelScanStore] Lucene scan store rebuilt (roughly 0 nodes)
2016-12-02 05:47:02.239+0000 INFO  [o.n.k.i.DatabaseHealth] Database health set to OK
2016-12-02 05:47:02.311+0000 INFO  [o.n.k.AvailabilityGuard] Fulfilling of requirement makes database available: Database available
2016-12-02 05:47:02.311+0000 INFO  [o.n.k.i.f.CommunityFacadeFactory] Database is now ready
2016-12-02 05:47:02.311+0000 INFO  [o.n.k.i.DiagnosticsManager] --- STARTED diagnostics for KernelDiagnostics:Versions START ---
2016-12-02 05:47:02.311+0000 INFO  [o.n.k.i.DiagnosticsManager] Graph Database: community single StoreId{creationTime=1480657621986, randomId=4564773912633724119, storeVersion=15531981201765894, upgradeTime=1480657621986, upgradeId=1}
2016-12-02 05:47:02.311+0000 INFO  [o.n.k.i.DiagnosticsManager] Kernel version: 3.0.6
2016-12-02 05:47:02.311+0000 INFO  [o.n.k.i.DiagnosticsManager] --- STARTED diagnostics for KernelDiagnostics:Versions END ---
2016-12-02 05:47:02.311+0000 INFO  [o.n.k.i.DiagnosticsManager] --- STARTED diagnostics for NEO_STORE_VERSIONS START ---
2016-12-02 05:47:02.311+0000 INFO  [o.n.k.i.DiagnosticsManager] Store versions:
2016-12-02 05:47:02.311+0000 INFO  [o.n.k.i.DiagnosticsManager] Store versions:
2016-12-02 05:47:02.311+0000 INFO  [o.n.k.i.DiagnosticsManager]   ArrayPropertyStore v0.A.7
2016-12-02 05:47:02.311+0000 INFO  [o.n.k.i.DiagnosticsManager]   NodeStore v0.A.7
2016-12-02 05:47:02.311+0000 INFO  [o.n.k.i.DiagnosticsManager]   StringPropertyStore v0.A.7
2016-12-02 05:47:02.311+0000 INFO  [o.n.k.i.DiagnosticsManager]   PropertyIndexStore v0.A.7
2016-12-02 05:47:02.311+0000 INFO  [o.n.k.i.DiagnosticsManager]   StringPropertyStore v0.A.7
2016-12-02 05:47:02.311+0000 INFO  [o.n.k.i.DiagnosticsManager]   ArrayPropertyStore v0.A.7
2016-12-02 05:47:02.312+0000 INFO  [o.n.k.i.DiagnosticsManager]   PropertyStore v0.A.7
2016-12-02 05:47:02.312+0000 INFO  [o.n.k.i.DiagnosticsManager]   RelationshipStore v0.A.7
2016-12-02 05:47:02.312+0000 INFO  [o.n.k.i.DiagnosticsManager]   StringPropertyStore v0.A.7
2016-12-02 05:47:02.312+0000 INFO  [o.n.k.i.DiagnosticsManager]   RelationshipTypeStore v0.A.7
2016-12-02 05:47:02.312+0000 INFO  [o.n.k.i.DiagnosticsManager]   StringPropertyStore v0.A.7
2016-12-02 05:47:02.312+0000 INFO  [o.n.k.i.DiagnosticsManager]   LabelTokenStore v0.A.7
2016-12-02 05:47:02.312+0000 INFO  [o.n.k.i.DiagnosticsManager]   SchemaStore v0.A.7
2016-12-02 05:47:02.312+0000 INFO  [o.n.k.i.DiagnosticsManager]   RelationshipGroupStore v0.A.7
2016-12-02 05:47:02.312+0000 INFO  [o.n.k.i.DiagnosticsManager]   NeoStore v0.A.7
2016-12-02 05:47:02.312+0000 INFO  [o.n.k.i.DiagnosticsManager] --- STARTED diagnostics for NEO_STORE_VERSIONS END ---
2016-12-02 05:47:02.312+0000 INFO  [o.n.k.i.DiagnosticsManager] --- STARTED diagnostics for NEO_STORE_ID_USAGE START ---
2016-12-02 05:47:02.312+0000 INFO  [o.n.k.i.DiagnosticsManager] Id usage:
2016-12-02 05:47:02.312+0000 INFO  [o.n.k.i.DiagnosticsManager] Id usage:
2016-12-02 05:47:02.312+0000 INFO  [o.n.k.i.DiagnosticsManager]   ArrayPropertyStore: used=1 high=0
2016-12-02 05:47:02.312+0000 INFO  [o.n.k.i.DiagnosticsManager]   NodeStore: used=0 high=-1
2016-12-02 05:47:02.312+0000 INFO  [o.n.k.i.DiagnosticsManager]   StringPropertyStore: used=1 high=0
2016-12-02 05:47:02.312+0000 INFO  [o.n.k.i.DiagnosticsManager]   PropertyIndexStore: used=0 high=-1
2016-12-02 05:47:02.312+0000 INFO  [o.n.k.i.DiagnosticsManager]   StringPropertyStore: used=1 high=0
2016-12-02 05:47:02.312+0000 INFO  [o.n.k.i.DiagnosticsManager]   ArrayPropertyStore: used=1 high=0
2016-12-02 05:47:02.312+0000 INFO  [o.n.k.i.DiagnosticsManager]   PropertyStore: used=0 high=-1
2016-12-02 05:47:02.312+0000 INFO  [o.n.k.i.DiagnosticsManager]   RelationshipStore: used=0 high=-1
2016-12-02 05:47:02.312+0000 INFO  [o.n.k.i.DiagnosticsManager]   StringPropertyStore: used=1 high=0
2016-12-02 05:47:02.312+0000 INFO  [o.n.k.i.DiagnosticsManager]   RelationshipTypeStore: used=0 high=-1
2016-12-02 05:47:02.312+0000 INFO  [o.n.k.i.DiagnosticsManager]   StringPropertyStore: used=1 high=0
2016-12-02 05:47:02.312+0000 INFO  [o.n.k.i.DiagnosticsManager]   LabelTokenStore: used=0 high=-1
2016-12-02 05:47:02.312+0000 INFO  [o.n.k.i.DiagnosticsManager]   SchemaStore: used=1 high=0
2016-12-02 05:47:02.313+0000 INFO  [o.n.k.i.DiagnosticsManager]   RelationshipGroupStore: used=1 high=0
2016-12-02 05:47:02.313+0000 INFO  [o.n.k.i.DiagnosticsManager]   NeoStore: used=15 high=14
2016-12-02 05:47:02.313+0000 INFO  [o.n.k.i.DiagnosticsManager] --- STARTED diagnostics for NEO_STORE_ID_USAGE END ---
2016-12-02 05:47:02.313+0000 INFO  [o.n.k.i.DiagnosticsManager] --- STARTED diagnostics for NEO_STORE_RECORDS START ---
2016-12-02 05:47:02.313+0000 INFO  [o.n.k.i.DiagnosticsManager] Neostore records:
2016-12-02 05:47:02.313+0000 INFO  [o.n.k.i.DiagnosticsManager] TIME (Creation time): 1480657621986
2016-12-02 05:47:02.313+0000 INFO  [o.n.k.i.DiagnosticsManager] RANDOM_NUMBER (Random number for store id): 4564773912633724119
2016-12-02 05:47:02.313+0000 INFO  [o.n.k.i.DiagnosticsManager] LOG_VERSION (Current log version): 0
2016-12-02 05:47:02.313+0000 INFO  [o.n.k.i.DiagnosticsManager] LAST_TRANSACTION_ID (Last committed transaction): 1
2016-12-02 05:47:02.313+0000 INFO  [o.n.k.i.DiagnosticsManager] STORE_VERSION (Store format version): 15531981201765894
2016-12-02 05:47:02.313+0000 INFO  [o.n.k.i.DiagnosticsManager] FIRST_GRAPH_PROPERTY (First property record containing graph properties): -1
2016-12-02 05:47:02.313+0000 INFO  [o.n.k.i.DiagnosticsManager] LAST_CONSTRAINT_TRANSACTION (Last committed transaction containing constraint changes): 0
2016-12-02 05:47:02.313+0000 INFO  [o.n.k.i.DiagnosticsManager] UPGRADE_TRANSACTION_ID (Transaction id most recent upgrade was performed at): 1
2016-12-02 05:47:02.313+0000 INFO  [o.n.k.i.DiagnosticsManager] UPGRADE_TIME (Time of last upgrade): 1480657621986
2016-12-02 05:47:02.313+0000 INFO  [o.n.k.i.DiagnosticsManager] LAST_TRANSACTION_CHECKSUM (Checksum of last committed transaction): 0
2016-12-02 05:47:02.313+0000 INFO  [o.n.k.i.DiagnosticsManager] UPGRADE_TRANSACTION_CHECKSUM (Checksum of transaction id the most recent upgrade was performed at): 0
2016-12-02 05:47:02.313+0000 INFO  [o.n.k.i.DiagnosticsManager] LAST_CLOSED_TRANSACTION_LOG_VERSION (Log version where the last transaction commit entry has been written into): 0
2016-12-02 05:47:02.313+0000 INFO  [o.n.k.i.DiagnosticsManager] LAST_CLOSED_TRANSACTION_LOG_BYTE_OFFSET (Byte offset in the log file where the last transaction commit entry has been written into): 16
2016-12-02 05:47:02.313+0000 INFO  [o.n.k.i.DiagnosticsManager] LAST_TRANSACTION_COMMIT_TIMESTAMP (Commit time timestamp for last committed transaction): 0
2016-12-02 05:47:02.313+0000 INFO  [o.n.k.i.DiagnosticsManager] UPGRADE_TRANSACTION_COMMIT_TIMESTAMP (Commit timestamp of transaction the most recent upgrade was performed at): 0
2016-12-02 05:47:02.313+0000 INFO  [o.n.k.i.DiagnosticsManager] --- STARTED diagnostics for NEO_STORE_RECORDS END ---
2016-12-02 05:47:02.313+0000 INFO  [o.n.k.i.DiagnosticsManager] --- STARTED diagnostics for TRANSACTION_RANGE START ---
2016-12-02 05:47:02.313+0000 INFO  [o.n.k.i.DiagnosticsManager] Transaction log:
2016-12-02 05:47:02.314+0000 INFO  [o.n.k.i.DiagnosticsManager] No transactions found in any log
2016-12-02 05:47:02.314+0000 INFO  [o.n.k.i.DiagnosticsManager] --- STARTED diagnostics for TRANSACTION_RANGE END ---
2016-12-02 05:47:02.314+0000 INFO  [o.n.k.i.DiagnosticsManager] --- STARTED diagnostics for KernelDiagnostics:StoreFiles START ---
2016-12-02 05:47:02.315+0000 INFO  [o.n.k.i.DiagnosticsManager] Disk space on partition (Total / Free / Free %): 290391584768 / 152046186496 / 52
Storage files: (filename : modification date - size)
2016-12-02 05:47:02.316+0000 INFO  [o.n.k.i.DiagnosticsManager]   certificates:
2016-12-02 05:47:02.316+0000 INFO  [o.n.k.i.DiagnosticsManager]     neo4j.cert: 2016-12-02T12:46:59+0700 - 1002.00 B
2016-12-02 05:47:02.316+0000 INFO  [o.n.k.i.DiagnosticsManager]     neo4j.key: 2016-12-02T12:46:59+0700 - 1.69 kB
2016-12-02 05:47:02.316+0000 INFO  [o.n.k.i.DiagnosticsManager]   - Total: 2016-12-02T12:46:59+0700 - 2.67 kB
2016-12-02 05:47:02.316+0000 INFO  [o.n.k.i.DiagnosticsManager]   data:
2016-12-02 05:47:02.316+0000 INFO  [o.n.k.i.DiagnosticsManager]     dbms:
2016-12-02 05:47:02.317+0000 INFO  [o.n.k.i.DiagnosticsManager]       auth: 2016-12-02T12:47:02+0700 - 137.00 B
2016-12-02 05:47:02.317+0000 INFO  [o.n.k.i.DiagnosticsManager]     - Total: 2016-12-02T12:47:02+0700 - 137.00 B
2016-12-02 05:47:02.317+0000 INFO  [o.n.k.i.DiagnosticsManager]   - Total: 2016-12-02T12:47:02+0700 - 137.00 B
2016-12-02 05:47:02.317+0000 INFO  [o.n.k.i.DiagnosticsManager]   index:
2016-12-02 05:47:02.317+0000 INFO  [o.n.k.i.DiagnosticsManager]   - Total: 2016-12-02T12:47:02+0700 - 0.00 B
2016-12-02 05:47:02.317+0000 INFO  [o.n.k.i.DiagnosticsManager]   logs:
2016-12-02 05:47:02.317+0000 INFO  [o.n.k.i.DiagnosticsManager]     debug.log: 2016-12-02T12:47:00+0700 - 35.14 kB
2016-12-02 05:47:02.317+0000 INFO  [o.n.k.i.DiagnosticsManager]   - Total: 2016-12-02T12:46:59+0700 - 35.14 kB
2016-12-02 05:47:02.318+0000 INFO  [o.n.k.i.DiagnosticsManager]   neostore: 2016-12-02T12:47:01+0700 - 8.00 kB
2016-12-02 05:47:02.318+0000 INFO  [o.n.k.i.DiagnosticsManager]   neostore.counts.db.a: 2016-12-02T12:47:02+0700 - 96.00 B
2016-12-02 05:47:02.318+0000 INFO  [o.n.k.i.DiagnosticsManager]   neostore.id: 2016-12-02T12:47:02+0700 - 9.00 B
2016-12-02 05:47:02.318+0000 INFO  [o.n.k.i.DiagnosticsManager]   neostore.labeltokenstore.db: 2016-12-02T12:47:01+0700 - 0.00 B
2016-12-02 05:47:02.318+0000 INFO  [o.n.k.i.DiagnosticsManager]   neostore.labeltokenstore.db.id: 2016-12-02T12:47:01+0700 - 9.00 B
2016-12-02 05:47:02.318+0000 INFO  [o.n.k.i.DiagnosticsManager]   neostore.labeltokenstore.db.names: 2016-12-02T12:47:01+0700 - 8.00 kB
2016-12-02 05:47:02.318+0000 INFO  [o.n.k.i.DiagnosticsManager]   neostore.labeltokenstore.db.names.id: 2016-12-02T12:47:01+0700 - 9.00 B
2016-12-02 05:47:02.318+0000 INFO  [o.n.k.i.DiagnosticsManager]   neostore.nodestore.db: 2016-12-02T12:47:00+0700 - 0.00 B
2016-12-02 05:47:02.318+0000 INFO  [o.n.k.i.DiagnosticsManager]   neostore.nodestore.db.id: 2016-12-02T12:47:00+0700 - 9.00 B
2016-12-02 05:47:02.318+0000 INFO  [o.n.k.i.DiagnosticsManager]   neostore.nodestore.db.labels: 2016-12-02T12:47:00+0700 - 8.00 kB
2016-12-02 05:47:02.319+0000 INFO  [o.n.k.i.DiagnosticsManager]   neostore.nodestore.db.labels.id: 2016-12-02T12:47:00+0700 - 9.00 B
2016-12-02 05:47:02.319+0000 INFO  [o.n.k.i.DiagnosticsManager]   neostore.propertystore.db: 2016-12-02T12:47:00+0700 - 0.00 B
2016-12-02 05:47:02.319+0000 INFO  [o.n.k.i.DiagnosticsManager]   neostore.propertystore.db.arrays: 2016-12-02T12:47:00+0700 - 8.00 kB
2016-12-02 05:47:02.319+0000 INFO  [o.n.k.i.DiagnosticsManager]   neostore.propertystore.db.arrays.id: 2016-12-02T12:47:00+0700 - 9.00 B
2016-12-02 05:47:02.319+0000 INFO  [o.n.k.i.DiagnosticsManager]   neostore.propertystore.db.id: 2016-12-02T12:47:01+0700 - 9.00 B
2016-12-02 05:47:02.319+0000 INFO  [o.n.k.i.DiagnosticsManager]   neostore.propertystore.db.index: 2016-12-02T12:47:00+0700 - 0.00 B
2016-12-02 05:47:02.319+0000 INFO  [o.n.k.i.DiagnosticsManager]   neostore.propertystore.db.index.id: 2016-12-02T12:47:00+0700 - 9.00 B
2016-12-02 05:47:02.319+0000 INFO  [o.n.k.i.DiagnosticsManager]   neostore.propertystore.db.index.keys: 2016-12-02T12:47:00+0700 - 8.00 kB
2016-12-02 05:47:02.319+0000 INFO  [o.n.k.i.DiagnosticsManager]   neostore.propertystore.db.index.keys.id: 2016-12-02T12:47:00+0700 - 9.00 B
2016-12-02 05:47:02.320+0000 INFO  [o.n.k.i.DiagnosticsManager]   neostore.propertystore.db.strings: 2016-12-02T12:47:00+0700 - 8.00 kB
2016-12-02 05:47:02.320+0000 INFO  [o.n.k.i.DiagnosticsManager]   neostore.propertystore.db.strings.id: 2016-12-02T12:47:00+0700 - 9.00 B
2016-12-02 05:47:02.320+0000 INFO  [o.n.k.i.DiagnosticsManager]   neostore.relationshipgroupstore.db: 2016-12-02T12:47:01+0700 - 8.00 kB
2016-12-02 05:47:02.320+0000 INFO  [o.n.k.i.DiagnosticsManager]   neostore.relationshipgroupstore.db.id: 2016-12-02T12:47:01+0700 - 9.00 B
2016-12-02 05:47:02.320+0000 INFO  [o.n.k.i.DiagnosticsManager]   neostore.relationshipstore.db: 2016-12-02T12:47:01+0700 - 0.00 B
2016-12-02 05:47:02.320+0000 INFO  [o.n.k.i.DiagnosticsManager]   neostore.relationshipstore.db.id: 2016-12-02T12:47:01+0700 - 9.00 B
2016-12-02 05:47:02.320+0000 INFO  [o.n.k.i.DiagnosticsManager]   neostore.relationshiptypestore.db: 2016-12-02T12:47:01+0700 - 0.00 B
2016-12-02 05:47:02.320+0000 INFO  [o.n.k.i.DiagnosticsManager]   neostore.relationshiptypestore.db.id: 2016-12-02T12:47:01+0700 - 9.00 B
2016-12-02 05:47:02.320+0000 INFO  [o.n.k.i.DiagnosticsManager]   neostore.relationshiptypestore.db.names: 2016-12-02T12:47:01+0700 - 8.00 kB
2016-12-02 05:47:02.321+0000 INFO  [o.n.k.i.DiagnosticsManager]   neostore.relationshiptypestore.db.names.id: 2016-12-02T12:47:01+0700 - 9.00 B
2016-12-02 05:47:02.321+0000 INFO  [o.n.k.i.DiagnosticsManager]   neostore.schemastore.db: 2016-12-02T12:47:01+0700 - 8.00 kB
2016-12-02 05:47:02.321+0000 INFO  [o.n.k.i.DiagnosticsManager]   neostore.schemastore.db.id: 2016-12-02T12:47:01+0700 - 9.00 B
2016-12-02 05:47:02.321+0000 INFO  [o.n.k.i.DiagnosticsManager]   neostore.transaction.db.0: 2016-12-02T12:47:02+0700 - 16.00 B
2016-12-02 05:47:02.321+0000 INFO  [o.n.k.i.DiagnosticsManager]   schema:
2016-12-02 05:47:02.321+0000 INFO  [o.n.k.i.DiagnosticsManager]     label:
2016-12-02 05:47:02.321+0000 INFO  [o.n.k.i.DiagnosticsManager]       lucene:
2016-12-02 05:47:02.321+0000 INFO  [o.n.k.i.DiagnosticsManager]         labelStore:
2016-12-02 05:47:02.321+0000 INFO  [o.n.k.i.DiagnosticsManager]           1:
2016-12-02 05:47:02.321+0000 INFO  [o.n.k.i.DiagnosticsManager]             write.lock: 2016-12-02T12:47:02+0700 - 0.00 B
2016-12-02 05:47:02.322+0000 INFO  [o.n.k.i.DiagnosticsManager]           - Total: 2016-12-02T12:47:02+0700 - 0.00 B
2016-12-02 05:47:02.322+0000 INFO  [o.n.k.i.DiagnosticsManager]           failure-message: 2016-12-02T12:47:02+0700 - 16.00 kB
2016-12-02 05:47:02.322+0000 INFO  [o.n.k.i.DiagnosticsManager]         - Total: 2016-12-02T12:47:02+0700 - 16.00 kB
2016-12-02 05:47:02.322+0000 INFO  [o.n.k.i.DiagnosticsManager]       - Total: 2016-12-02T12:47:02+0700 - 16.00 kB
2016-12-02 05:47:02.322+0000 INFO  [o.n.k.i.DiagnosticsManager]     - Total: 2016-12-02T12:47:02+0700 - 16.00 kB
2016-12-02 05:47:02.322+0000 INFO  [o.n.k.i.DiagnosticsManager]   - Total: 2016-12-02T12:47:02+0700 - 16.00 kB
2016-12-02 05:47:02.322+0000 INFO  [o.n.k.i.DiagnosticsManager]   store_lock: 2016-12-02T12:46:59+0700 - 0.00 B
2016-12-02 05:47:02.322+0000 INFO  [o.n.k.i.DiagnosticsManager] --- STARTED diagnostics for KernelDiagnostics:StoreFiles END ---
2016-12-02 05:47:02.344+0000 INFO  [o.n.k.i.DiagnosticsManager] --- SERVER STARTED START ---
2016-12-02 05:47:02.776+0000 WARN  [o.n.k.i.c.MonitorGc] GC Monitor: Application threads blocked for 258ms.
2016-12-02 05:47:03.028+0000 INFO  [o.n.k.i.DiagnosticsManager] --- SERVER STARTED END ---
